#
# There is insufficient memory for the Java Runtime Environment to continue.
# Native memory allocation (malloc) failed to allocate 79216 bytes for Chunk::new
# Possible reasons:
#   The system is out of physical RAM or swap space
#   The process is running with CompressedOops enabled, and the Java Heap may be blocking the growth of the native heap
# Possible solutions:
#   Reduce memory load on the system
#   Increase physical memory or swap space
#   Check if swap backing store is full
#   Decrease Java heap size (-Xmx/-Xms)
#   Decrease number of Java threads
#   Decrease Java thread stack sizes (-Xss)
#   Set larger code cache with -XX:ReservedCodeCacheSize=
#   JVM is running with Unscaled Compressed Oops mode in which the Java heap is
#     placed in the first 4GB address space. The Java Heap base address is the
#     maximum limit for the native heap growth. Please use -XX:HeapBaseMinAddress
#     to set the Java Heap base and to place the Java Heap above 4GB virtual address.
# This output file may be truncated or incomplete.
#
#  Out of Memory Error (arena.cpp:191), pid=10364, tid=9848
#
# JRE version: OpenJDK Runtime Environment Temurin-17.0.10+7 (17.0.10+7) (build 17.0.10+7)
# Java VM: OpenJDK 64-Bit Server VM Temurin-17.0.10+7 (17.0.10+7, mixed mode, tiered, compressed oops, compressed class ptrs, parallel gc, windows-amd64)
# No core dump will be written. Minidumps are not enabled by default on client versions of Windows
#

---------------  S U M M A R Y ------------

Command Line: --add-modules=ALL-SYSTEM --add-opens=java.base/java.util=ALL-UNNAMED --add-opens=java.base/java.lang=ALL-UNNAMED --add-opens=java.base/sun.nio.fs=ALL-UNNAMED -Declipse.application=org.eclipse.jdt.ls.core.id1 -Dosgi.bundles.defaultStartLevel=4 -Declipse.product=org.eclipse.jdt.ls.core.product -Djava.import.generatesMetadataFilesAtProjectRoot=false -DDetectVMInstallationsJob.disabled=true -Dfile.encoding=utf8 -XX:+UseParallelGC -XX:GCTimeRatio=4 -XX:AdaptiveSizePolicyWeight=90 -Dsun.zip.disableMemoryMapping=true -Xmx1G -Xms100m -Xlog:disable -javaagent:c:\Users\ADMIN\.vscode\extensions\redhat.java-1.29.0-win32-x64\lombok\lombok-1.18.32.jar c:\Users\ADMIN\.vscode\extensions\redhat.java-1.29.0-win32-x64\server\plugins\org.eclipse.equinox.launcher_1.6.800.v20240304-1850.jar -configuration c:\Users\ADMIN\AppData\Roaming\Code\User\globalStorage\redhat.java\1.29.0\config_ss_win -data c:\Users\ADMIN\AppData\Roaming\Code\User\workspaceStorage\9902e238d5495b39b118469243c69d98\redhat.java\ss_ws --stdio

Host: AMD Ryzen 5 3500U with Radeon Vega Mobile Gfx  , 8 cores, 5G,  Windows 11 , 64 bit Build 22621 (10.0.22621.3235)
Time: Tue Apr  9 17:36:32 2024 India Standard Time elapsed time: 0.584513 seconds (0d 0h 0m 0s)

---------------  T H R E A D  ---------------

Current thread (0x000001fcdf3a8ac0):  JavaThread "C2 CompilerThread0" daemon [_thread_in_native, id=9848, stack(0x0000000100f00000,0x0000000101000000)]


Current CompileTask:
C2:    584  150       4       java.util.HashMap::putVal (300 bytes)

Stack: [0x0000000100f00000,0x0000000101000000]
Native frames: (J=compiled Java code, j=interpreted, Vv=VM code, C=native code)
V  [jvm.dll+0x67d2c9]
V  [jvm.dll+0x834afa]
V  [jvm.dll+0x8365be]
V  [jvm.dll+0x836c23]
V  [jvm.dll+0x2477ff]
V  [jvm.dll+0xac514]
V  [jvm.dll+0xacb5c]
V  [jvm.dll+0x3667d7]
V  [jvm.dll+0x330bfa]
V  [jvm.dll+0x33009a]
V  [jvm.dll+0x219ef1]
V  [jvm.dll+0x219311]
V  [jvm.dll+0x1a502d]
V  [jvm.dll+0x2290de]
V  [jvm.dll+0x2272ac]
V  [jvm.dll+0x7e9bb7]
V  [jvm.dll+0x7e3fba]
V  [jvm.dll+0x67c1b5]
C  [ucrtbase.dll+0x29363]
C  [KERNEL32.DLL+0x1257d]
C  [ntdll.dll+0x5aa58]


---------------  P R O C E S S  ---------------

Threads class SMR info:
_java_thread_list=0x000001fcdf51fdf0, length=11, elements={
0x000001fc863f0200, 0x000001fc8649bf90, 0x000001fc8649d2c0, 0x000001fcdf3a2f30,
0x000001fcdf3a4100, 0x000001fcdf3a4c90, 0x000001fcdf3a6db0, 0x000001fcdf3a8ac0,
0x000001fcdf3aacb0, 0x000001fcdf3af510, 0x000001fc86456090
}

Java Threads: ( => current thread )
  0x000001fc863f0200 JavaThread "main" [_thread_in_native, id=11808, stack(0x0000000100600000,0x0000000100700000)]
  0x000001fc8649bf90 JavaThread "Reference Handler" daemon [_thread_blocked, id=19516, stack(0x0000000100900000,0x0000000100a00000)]
  0x000001fc8649d2c0 JavaThread "Finalizer" daemon [_thread_blocked, id=11688, stack(0x0000000100a00000,0x0000000100b00000)]
  0x000001fcdf3a2f30 JavaThread "Signal Dispatcher" daemon [_thread_blocked, id=10168, stack(0x0000000100b00000,0x0000000100c00000)]
  0x000001fcdf3a4100 JavaThread "Attach Listener" daemon [_thread_blocked, id=19876, stack(0x0000000100c00000,0x0000000100d00000)]
  0x000001fcdf3a4c90 JavaThread "Service Thread" daemon [_thread_blocked, id=20164, stack(0x0000000100d00000,0x0000000100e00000)]
  0x000001fcdf3a6db0 JavaThread "Monitor Deflation Thread" daemon [_thread_blocked, id=14636, stack(0x0000000100e00000,0x0000000100f00000)]
=>0x000001fcdf3a8ac0 JavaThread "C2 CompilerThread0" daemon [_thread_in_native, id=9848, stack(0x0000000100f00000,0x0000000101000000)]
  0x000001fcdf3aacb0 JavaThread "C1 CompilerThread0" daemon [_thread_blocked, id=19988, stack(0x0000000101000000,0x0000000101100000)]
  0x000001fcdf3af510 JavaThread "Sweeper thread" daemon [_thread_blocked, id=14316, stack(0x0000000101100000,0x0000000101200000)]
  0x000001fc86456090 JavaThread "Common-Cleaner" daemon [_thread_blocked, id=4320, stack(0x0000000101200000,0x0000000101300000)]

Other Threads:
  0x000001fcdf3814b0 VMThread "VM Thread" [stack: 0x0000000100800000,0x0000000100900000] [id=16780]
  0x000001fc86408050 GCTaskThread "GC Thread#0" [stack: 0x0000000100700000,0x0000000100800000] [id=8696]

Threads with active compile tasks:
C2 CompilerThread0      617  150       4       java.util.HashMap::putVal (300 bytes)

VM state: not at safepoint (normal execution)

VM Mutex/Monitor currently owned by a thread: None

Heap address: 0x00000000c0000000, size: 1024 MB, Compressed Oops mode: 32-bit

CDS archive(s) not mapped
Compressed class space mapped at: 0x000001fc9b000000-0x000001fcdb000000, reserved size: 1073741824
Narrow klass base: 0x000001fc9b000000, Narrow klass shift: 0, Narrow klass range: 0x40000000

GC Precious Log:
 CPUs: 8 total, 8 available
 Memory: 6020M
 Large Page Support: Disabled
 NUMA Support: Disabled
 Compressed Oops: Enabled (32-bit)
 Alignments: Space 512K, Generation 512K, Heap 2M
 Heap Min Capacity: 100M
 Heap Initial Capacity: 100M
 Heap Max Capacity: 1G
 Pre-touch: Disabled
 Parallel Workers: 8

Heap:
 PSYoungGen      total 29696K, used 3326K [0x00000000eab00000, 0x00000000ecc00000, 0x0000000100000000)
  eden space 25600K, 12% used [0x00000000eab00000,0x00000000eae3f9d8,0x00000000ec400000)
  from space 4096K, 0% used [0x00000000ec800000,0x00000000ec800000,0x00000000ecc00000)
  to   space 4096K, 0% used [0x00000000ec400000,0x00000000ec400000,0x00000000ec800000)
 ParOldGen       total 68608K, used 0K [0x00000000c0000000, 0x00000000c4300000, 0x00000000eab00000)
  object space 68608K, 0% used [0x00000000c0000000,0x00000000c0000000,0x00000000c4300000)
 Metaspace       used 5895K, committed 6080K, reserved 1114112K
  class space    used 564K, committed 640K, reserved 1048576K

Card table byte_map: [0x000001fc85d80000,0x000001fc85f90000] _byte_map_base: 0x000001fc85780000

Marking Bits: (ParMarkBitMap*) 0x00007ffbacdcd7d0
 Begin Bits: [0x000001fc98080000, 0x000001fc99080000)
 End Bits:   [0x000001fc99080000, 0x000001fc9a080000)

Polling page: 0x000001fc84390000

Metaspace:

Usage:
  Non-class:      5.21 MB used.
      Class:    564.30 KB used.
       Both:      5.76 MB used.

Virtual space:
  Non-class space:       64.00 MB reserved,       5.31 MB (  8%) committed,  1 nodes.
      Class space:        1.00 GB reserved,     640.00 KB ( <1%) committed,  1 nodes.
             Both:        1.06 GB reserved,       5.94 MB ( <1%) committed. 

Chunk freelists:
   Non-Class:  10.43 MB
       Class:  15.24 MB
        Both:  25.67 MB

MaxMetaspaceSize: unlimited
CompressedClassSpaceSize: 1.00 GB
Initial GC threshold: 21.00 MB
Current GC threshold: 21.00 MB
CDS: off
MetaspaceReclaimPolicy: balanced
 - commit_granule_bytes: 65536.
 - commit_granule_words: 8192.
 - virtual_space_node_default_size: 8388608.
 - enlarge_chunks_in_place: 1.
 - new_chunks_are_fully_committed: 0.
 - uncommit_free_chunks: 1.
 - use_allocation_guard: 0.
 - handle_deallocations: 1.


Internal statistics:

num_allocs_failed_limit: 0.
num_arena_births: 10.
num_arena_deaths: 0.
num_vsnodes_births: 2.
num_vsnodes_deaths: 0.
num_space_committed: 95.
num_space_uncommitted: 0.
num_chunks_returned_to_freelist: 0.
num_chunks_taken_from_freelist: 24.
num_chunk_merges: 0.
num_chunk_splits: 12.
num_chunks_enlarged: 10.
num_inconsistent_stats: 0.

CodeHeap 'non-profiled nmethods': size=120000Kb used=61Kb max_used=61Kb free=119938Kb
 bounds [0x000001fc90b50000, 0x000001fc90dc0000, 0x000001fc98080000]
CodeHeap 'profiled nmethods': size=120000Kb used=374Kb max_used=374Kb free=119626Kb
 bounds [0x000001fc89080000, 0x000001fc892f0000, 0x000001fc905b0000]
CodeHeap 'non-nmethods': size=5760Kb used=1095Kb max_used=1095Kb free=4664Kb
 bounds [0x000001fc905b0000, 0x000001fc90820000, 0x000001fc90b50000]
 total_blobs=656 nmethods=284 adapters=287
 compilation: enabled
              stopped_count=0, restarted_count=0
 full_count=0

Compilation events (20 events):
Event: 0.431 Thread 0x000001fcdf3aacb0  146       1       java.lang.module.ModuleDescriptor::uses (5 bytes)
Event: 0.432 Thread 0x000001fcdf3a8ac0  147       4       java.util.ImmutableCollections$SetN$SetNIterator::next (90 bytes)
Event: 0.432 Thread 0x000001fcdf3aacb0 nmethod 146 0x000001fc90b5a190 code [0x000001fc90b5a320, 0x000001fc90b5a3f8]
Event: 0.433 Thread 0x000001fcdf3a8ac0 nmethod 147 0x000001fc90b5a490 code [0x000001fc90b5a620, 0x000001fc90b5a738]
Event: 0.433 Thread 0x000001fcdf3a8ac0  148       4       java.lang.module.ModuleDescriptor$Exports::isQualified (18 bytes)
Event: 0.434 Thread 0x000001fcdf3a8ac0 nmethod 148 0x000001fc90b5a890 code [0x000001fc90b5aa20, 0x000001fc90b5aaf8]
Event: 0.435 Thread 0x000001fcdf3aacb0  149       3       java.util.ImmutableCollections$Set12::iterator (9 bytes)
Event: 0.435 Thread 0x000001fcdf3aacb0 nmethod 149 0x000001fc890ab010 code [0x000001fc890ab1c0, 0x000001fc890ab478]
Event: 0.435 Thread 0x000001fcdf3a8ac0  150       4       java.util.HashMap::putVal (300 bytes)
Event: 0.438 Thread 0x000001fcdf3aacb0  152       1       java.util.HashMap$Node::getKey (5 bytes)
Event: 0.438 Thread 0x000001fcdf3aacb0 nmethod 152 0x000001fc90b5ac10 code [0x000001fc90b5ada0, 0x000001fc90b5ae78]
Event: 0.438 Thread 0x000001fcdf3aacb0  154       1       java.util.HashMap$Node::getValue (5 bytes)
Event: 0.438 Thread 0x000001fcdf3aacb0 nmethod 154 0x000001fc90b5af10 code [0x000001fc90b5b0a0, 0x000001fc90b5b178]
Event: 0.438 Thread 0x000001fcdf3aacb0  155       3       java.lang.StringLatin1::lastIndexOf (125 bytes)
Event: 0.439 Thread 0x000001fcdf3aacb0 nmethod 155 0x000001fc890ab590 code [0x000001fc890ab760, 0x000001fc890abbf8]
Event: 0.439 Thread 0x000001fcdf3aacb0  156       3       java.util.HashMap::containsKey (14 bytes)
Event: 0.439 Thread 0x000001fcdf3aacb0 nmethod 156 0x000001fc890abe90 code [0x000001fc890ac040, 0x000001fc890ac1e8]
Event: 0.440 Thread 0x000001fcdf3aacb0  157       3       java.util.ImmutableCollections$Set12$1::next (95 bytes)
Event: 0.441 Thread 0x000001fcdf3aacb0 nmethod 157 0x000001fc890ac290 code [0x000001fc890ac460, 0x000001fc890ac748]
Event: 0.443 Thread 0x000001fcdf3aacb0  159       3       java.util.HashSet::<init> (16 bytes)

GC Heap History (0 events):
No events

Dll operation events (1 events):
Event: 0.067 Loaded shared library c:\Users\ADMIN\.vscode\extensions\redhat.java-1.29.0-win32-x64\jre\17.0.10-win32-x86_64\bin\java.dll

Deoptimization events (0 events):
No events

Classes unloaded (0 events):
No events

Classes redefined (0 events):
No events

Internal exceptions (1 events):
Event: 0.405 Thread 0x000001fc863f0200 Exception <a 'java/lang/NoSuchMethodError'{0x00000000eacb4e50}: 'void java.lang.invoke.DirectMethodHandle$Holder.invokeStatic(java.lang.Object, java.lang.Object, java.lang.Object)'> (0x00000000eacb4e50) 
thrown [s\src\hotspot\share\interpreter\linkResolver.cpp, line 759]

VM Operations (2 events):
Event: 0.415 Executing VM operation: HandshakeAllThreads
Event: 0.415 Executing VM operation: HandshakeAllThreads done

Events (20 events):
Event: 0.410 loading class java/lang/module/ModuleFinder$1
Event: 0.411 loading class java/lang/module/ModuleFinder$1 done
Event: 0.411 loading class java/util/ImmutableCollections$ListItr
Event: 0.411 loading class java/util/ListIterator
Event: 0.411 loading class java/util/ListIterator done
Event: 0.411 loading class java/util/ImmutableCollections$ListItr done
Event: 0.413 loading class java/lang/ModuleLayer
Event: 0.413 loading class java/lang/ModuleLayer done
Event: 0.413 loading class java/util/HashMap$Values
Event: 0.414 loading class java/util/HashMap$Values done
Event: 0.414 loading class java/util/HashMap$ValueIterator
Event: 0.414 loading class java/util/HashMap$ValueIterator done
Event: 0.414 loading class java/util/LinkedHashSet
Event: 0.414 loading class java/util/LinkedHashSet done
Event: 0.415 loading class java/util/LinkedHashMap
Event: 0.415 loading class java/util/LinkedHashMap done
Event: 0.416 loading class java/util/Collections$UnmodifiableCollection$1
Event: 0.416 loading class java/util/Collections$UnmodifiableCollection$1 done
Event: 0.417 loading class java/lang/module/ResolvedModule
Event: 0.417 loading class java/lang/module/ResolvedModule done


Dynamic libraries:
0x00007ff79ab20000 - 0x00007ff79ab2e000 	c:\Users\ADMIN\.vscode\extensions\redhat.java-1.29.0-win32-x64\jre\17.0.10-win32-x86_64\bin\java.exe
0x00007ffc0d8b0000 - 0x00007ffc0dac6000 	C:\WINDOWS\SYSTEM32\ntdll.dll
0x00007ffc0be20000 - 0x00007ffc0bee4000 	C:\WINDOWS\System32\KERNEL32.DLL
0x00007ffc0ac70000 - 0x00007ffc0b016000 	C:\WINDOWS\System32\KERNELBASE.dll
0x00007ffc0b390000 - 0x00007ffc0b4a1000 	C:\WINDOWS\System32\ucrtbase.dll
0x00007ffbf8760000 - 0x00007ffbf877b000 	c:\Users\ADMIN\.vscode\extensions\redhat.java-1.29.0-win32-x64\jre\17.0.10-win32-x86_64\bin\VCRUNTIME140.dll
0x00007ffbf8450000 - 0x00007ffbf8467000 	c:\Users\ADMIN\.vscode\extensions\redhat.java-1.29.0-win32-x64\jre\17.0.10-win32-x86_64\bin\jli.dll
0x00007ffc0d160000 - 0x00007ffc0d30d000 	C:\WINDOWS\System32\USER32.dll
0x00007ffc0b5d0000 - 0x00007ffc0b5f6000 	C:\WINDOWS\System32\win32u.dll
0x00007ffbf98e0000 - 0x00007ffbf9b73000 	C:\WINDOWS\WinSxS\amd64_microsoft.windows.common-controls_6595b64144ccf1df_6.0.22621.3235_none_270f74e173860f98\COMCTL32.dll
0x00007ffc0bbf0000 - 0x00007ffc0bc97000 	C:\WINDOWS\System32\msvcrt.dll
0x00007ffc0baa0000 - 0x00007ffc0bac9000 	C:\WINDOWS\System32\GDI32.dll
0x00007ffc0b4b0000 - 0x00007ffc0b5c8000 	C:\WINDOWS\System32\gdi32full.dll
0x00007ffc0b190000 - 0x00007ffc0b22a000 	C:\WINDOWS\System32\msvcp_win.dll
0x00007ffc0cb60000 - 0x00007ffc0cb91000 	C:\WINDOWS\System32\IMM32.DLL
0x00007ffc061f0000 - 0x00007ffc061fc000 	c:\Users\ADMIN\.vscode\extensions\redhat.java-1.29.0-win32-x64\jre\17.0.10-win32-x86_64\bin\vcruntime140_1.dll
0x00007ffbd1000000 - 0x00007ffbd108d000 	c:\Users\ADMIN\.vscode\extensions\redhat.java-1.29.0-win32-x64\jre\17.0.10-win32-x86_64\bin\msvcp140.dll
0x00007ffbac230000 - 0x00007ffbace92000 	c:\Users\ADMIN\.vscode\extensions\redhat.java-1.29.0-win32-x64\jre\17.0.10-win32-x86_64\bin\server\jvm.dll
0x00007ffc0bd50000 - 0x00007ffc0be02000 	C:\WINDOWS\System32\ADVAPI32.dll
0x00007ffc0bfa0000 - 0x00007ffc0c048000 	C:\WINDOWS\System32\sechost.dll
0x00007ffc0b2a0000 - 0x00007ffc0b2c8000 	C:\WINDOWS\System32\bcrypt.dll
0x00007ffc0bad0000 - 0x00007ffc0bbe5000 	C:\WINDOWS\System32\RPCRT4.dll
0x00007ffc0aac0000 - 0x00007ffc0ab0d000 	C:\WINDOWS\SYSTEM32\POWRPROF.dll
0x00007ffc00df0000 - 0x00007ffc00df9000 	C:\WINDOWS\SYSTEM32\WSOCK32.dll
0x00007ffc029d0000 - 0x00007ffc02a04000 	C:\WINDOWS\SYSTEM32\WINMM.dll
0x00007ffc02ab0000 - 0x00007ffc02aba000 	C:\WINDOWS\SYSTEM32\VERSION.dll
0x00007ffc0c200000 - 0x00007ffc0c271000 	C:\WINDOWS\System32\WS2_32.dll
0x00007ffc0aaa0000 - 0x00007ffc0aab3000 	C:\WINDOWS\SYSTEM32\UMPDC.dll
0x00007ffc09c30000 - 0x00007ffc09c48000 	C:\WINDOWS\SYSTEM32\kernel.appcore.dll
0x00007ffc06070000 - 0x00007ffc0607a000 	c:\Users\ADMIN\.vscode\extensions\redhat.java-1.29.0-win32-x64\jre\17.0.10-win32-x86_64\bin\jimage.dll
0x00007ffbf1ff0000 - 0x00007ffbf2223000 	C:\WINDOWS\SYSTEM32\DBGHELP.DLL
0x00007ffc0cba0000 - 0x00007ffc0cf28000 	C:\WINDOWS\System32\combase.dll
0x00007ffc0d310000 - 0x00007ffc0d3e7000 	C:\WINDOWS\System32\OLEAUT32.dll
0x00007ffbf1dd0000 - 0x00007ffbf1e02000 	C:\WINDOWS\SYSTEM32\dbgcore.DLL
0x00007ffc0abf0000 - 0x00007ffc0ac6a000 	C:\WINDOWS\System32\bcryptPrimitives.dll
0x00007ffc05fe0000 - 0x00007ffc05fee000 	c:\Users\ADMIN\.vscode\extensions\redhat.java-1.29.0-win32-x64\jre\17.0.10-win32-x86_64\bin\instrument.dll
0x00007ffbf76e0000 - 0x00007ffbf7705000 	c:\Users\ADMIN\.vscode\extensions\redhat.java-1.29.0-win32-x64\jre\17.0.10-win32-x86_64\bin\java.dll
0x00007ffbf7f50000 - 0x00007ffbf7f68000 	c:\Users\ADMIN\.vscode\extensions\redhat.java-1.29.0-win32-x64\jre\17.0.10-win32-x86_64\bin\zip.dll
0x00007ffc0c280000 - 0x00007ffc0cadd000 	C:\WINDOWS\System32\SHELL32.dll
0x00007ffc08b50000 - 0x00007ffc09448000 	C:\WINDOWS\SYSTEM32\windows.storage.dll
0x00007ffc08a10000 - 0x00007ffc08b4e000 	C:\WINDOWS\SYSTEM32\wintypes.dll
0x00007ffc0d040000 - 0x00007ffc0d133000 	C:\WINDOWS\System32\SHCORE.dll
0x00007ffc0b8e0000 - 0x00007ffc0b93e000 	C:\WINDOWS\System32\shlwapi.dll
0x00007ffc0ab20000 - 0x00007ffc0ab46000 	C:\WINDOWS\SYSTEM32\profapi.dll
0x00007ffbf8130000 - 0x00007ffbf8149000 	C:\Users\ADMIN\.vscode\extensions\redhat.java-1.29.0-win32-x64\jre\17.0.10-win32-x86_64\bin\net.dll
0x00007ffc02dd0000 - 0x00007ffc02f07000 	C:\WINDOWS\SYSTEM32\WINHTTP.dll
0x00007ffc0a0b0000 - 0x00007ffc0a119000 	C:\WINDOWS\system32\mswsock.dll
0x00007ffbf65c0000 - 0x00007ffbf65d6000 	C:\Users\ADMIN\.vscode\extensions\redhat.java-1.29.0-win32-x64\jre\17.0.10-win32-x86_64\bin\nio.dll

dbghelp: loaded successfully - version: 4.0.5 - missing functions: none
symbol engine: initialized successfully - sym options: 0x614 - pdb path: .;c:\Users\ADMIN\.vscode\extensions\redhat.java-1.29.0-win32-x64\jre\17.0.10-win32-x86_64\bin;C:\WINDOWS\SYSTEM32;C:\WINDOWS\WinSxS\amd64_microsoft.windows.common-controls_6595b64144ccf1df_6.0.22621.3235_none_270f74e173860f98;c:\Users\ADMIN\.vscode\extensions\redhat.java-1.29.0-win32-x64\jre\17.0.10-win32-x86_64\bin\server

VM Arguments:
jvm_args: --add-modules=ALL-SYSTEM --add-opens=java.base/java.util=ALL-UNNAMED --add-opens=java.base/java.lang=ALL-UNNAMED --add-opens=java.base/sun.nio.fs=ALL-UNNAMED -Declipse.application=org.eclipse.jdt.ls.core.id1 -Dosgi.bundles.defaultStartLevel=4 -Declipse.product=org.eclipse.jdt.ls.core.product -Djava.import.generatesMetadataFilesAtProjectRoot=false -DDetectVMInstallationsJob.disabled=true -Dfile.encoding=utf8 -XX:+UseParallelGC -XX:GCTimeRatio=4 -XX:AdaptiveSizePolicyWeight=90 -Dsun.zip.disableMemoryMapping=true -Xmx1G -Xms100m -Xlog:disable -javaagent:c:\Users\ADMIN\.vscode\extensions\redhat.java-1.29.0-win32-x64\lombok\lombok-1.18.32.jar 
java_command: c:\Users\ADMIN\.vscode\extensions\redhat.java-1.29.0-win32-x64\server\plugins\org.eclipse.equinox.launcher_1.6.800.v20240304-1850.jar -configuration c:\Users\ADMIN\AppData\Roaming\Code\User\globalStorage\redhat.java\1.29.0\config_ss_win -data c:\Users\ADMIN\AppData\Roaming\Code\User\workspaceStorage\9902e238d5495b39b118469243c69d98\redhat.java\ss_ws --stdio
java_class_path (initial): c:\Users\ADMIN\.vscode\extensions\redhat.java-1.29.0-win32-x64\server\plugins\org.eclipse.equinox.launcher_1.6.800.v20240304-1850.jar
Launcher Type: SUN_STANDARD

[Global flags]
    uintx AdaptiveSizePolicyWeight                 = 90                                        {product} {command line}
     intx CICompilerCount                          = 4                                         {product} {ergonomic}
    uintx GCTimeRatio                              = 4                                         {product} {command line}
   size_t InitialHeapSize                          = 104857600                                 {product} {command line}
   size_t MaxHeapSize                              = 1073741824                                {product} {command line}
   size_t MaxNewSize                               = 357564416                                 {product} {ergonomic}
   size_t MinHeapDeltaBytes                        = 524288                                    {product} {ergonomic}
   size_t MinHeapSize                              = 104857600                                 {product} {command line}
   size_t NewSize                                  = 34603008                                  {product} {ergonomic}
    uintx NonNMethodCodeHeapSize                   = 5839372                                {pd product} {ergonomic}
    uintx NonProfiledCodeHeapSize                  = 122909434                              {pd product} {ergonomic}
   size_t OldSize                                  = 70254592                                  {product} {ergonomic}
    uintx ProfiledCodeHeapSize                     = 122909434                              {pd product} {ergonomic}
    uintx ReservedCodeCacheSize                    = 251658240                              {pd product} {ergonomic}
     bool SegmentedCodeCache                       = true                                      {product} {ergonomic}
   size_t SoftMaxHeapSize                          = 1073741824                             {manageable} {ergonomic}
     bool UseCompressedClassPointers               = true                           {product lp64_product} {ergonomic}
     bool UseCompressedOops                        = true                           {product lp64_product} {ergonomic}
     bool UseLargePagesIndividualAllocation        = false                                  {pd product} {ergonomic}
     bool UseParallelGC                            = true                                      {product} {command line}

Logging:
Log output configuration:
 #0: stdout all=off uptime,level,tags
 #1: stderr all=off uptime,level,tags

Environment Variables:
JAVA_HOME=C:\Program Files\Java\jdk-17
PATH=C:\Program Files\Common Files\Oracle\Java\javapath;C:\Program Files\Microsoft\jdk-11.0.20.8-hotspot\bin;C:\WINDOWS\system32;C:\WINDOWS;C:\WINDOWS\System32\Wbem;C:\WINDOWS\System32\WindowsPowerShell\v1.0\;C:\WINDOWS\System32\OpenSSH\;C:\Program Files\Git\cmd;C:\Users\ADMIN\AppData\Local\Android\Sdk\platform-tools;C:\ProgramData\chocolatey\bin;C:\Program Files\Java\jdk-17\bin;C:\Program Files\Java\jdk-17\bin;C:\Program Files\nodejs\;C:\Users\ADMIN\AppData\Local\Android\Sdk\tools;C:\Program Files\MySQL\MySQL Shell 8.0\bin\;C:\Users\ADMIN\AppData\Local\Microsoft\WindowsApps;C:\Users\ADMIN\AppData\Local\Programs\Microsoft VS Code\bin;C:\msys64\ucrt64\bin;C:\ProgramData\ADMIN\GitHubDesktop\bin;C:\Users\ADMIN\AppData\Local\GitHubDesktop\bin;C:\Users\ADMIN\AppData\Roaming\npm
USERNAME=ADMIN
OS=Windows_NT
PROCESSOR_IDENTIFIER=AMD64 Family 23 Model 24 Stepping 1, AuthenticAMD
TMP=C:\Users\ADMIN\AppData\Local\Temp
TEMP=C:\Users\ADMIN\AppData\Local\Temp



Periodic native trim disabled


---------------  S Y S T E M  ---------------

OS:
 Windows 11 , 64 bit Build 22621 (10.0.22621.3235)
OS uptime: 12 days 1:00 hours

CPU: total 8 (initial active 8) (8 cores per cpu, 2 threads per core) family 23 model 24 stepping 1 microcode 0x0, cx8, cmov, fxsr, ht, mmx, 3dnowpref, sse, sse2, sse3, ssse3, sse4a, sse4.1, sse4.2, popcnt, lzcnt, tsc, tscinvbit, avx, avx2, aes, clmul, bmi1, bmi2, adx, sha, fma, vzeroupper, clflush, clflushopt
Processor Information for all 8 processors :
  Max Mhz: 2100, Current Mhz: 2100, Mhz Limit: 2100

Memory: 4k page, system-wide physical 6020M (257M free)
TotalPageFile size 24452M (AvailPageFile size 63M)
current process WorkingSet (physical memory assigned to process): 36M, peak: 36M
current process commit charge ("private bytes"): 186M, peak: 186M

vm_info: OpenJDK 64-Bit Server VM (17.0.10+7) for windows-amd64 JRE (17.0.10+7), built on Jan 16 2024 23:25:11 by "admin" with MS VC++ 16.10 / 16.11 (VS2019)

END.
